# JRE version: Java(TM) SE Runtime Environment (21.0.2+13) (build 21.0.2+13-LTS-58)
# Java VM: Java HotSpot(TM) 64-Bit Server VM (21.0.2+13-LTS-58, mixed mode, sharing, tiered, compressed oops, compressed class ptrs, g1 gc, windows-amd64)
GC Precious Log:
 CardTable entry size: 512
 Card Set container configuration: InlinePtr #cards 5 size 8 Array Of Cards #cards 12 size 40 Howl #buckets 4 coarsen threshold 1843 Howl Bitmap #cards 512 size 80 coarsen threshold 460 Card regions per heap region 1 cards per card region 2048
 CPUs: 8 total, 8 available
 Memory: 6030M
 Large Page Support: Disabled
 NUMA Support: Disabled
 Compressed Oops: Enabled (32-bit)
 Heap Region Size: 1M
 Heap Min Capacity: 8M
 Heap Initial Capacity: 96M
 Heap Max Capacity: 1508M
 Pre-touch: Disabled
 Parallel Workers: 8
 Concurrent Workers: 2
 Concurrent Refinement Workers: 8
 Periodic GC: Disabled
Heap:
 garbage-first heap   total 62464K, used 48939K [0x00000000a1c00000, 0x0000000100000000)
  region size 1024K, 25 young (25600K), 2 survivors (2048K)
 Metaspace       used 59940K, committed 60736K, reserved 1114112K
  class space    used 8062K, committed 8448K, reserved 1048576K
GC Heap History (20 events):
Event: 695.895 GC heap before
{Heap before GC invocations=11 (full 0):
 garbage-first heap   total 62464K, used 52898K [0x00000000a1c00000, 0x0000000100000000)
  region size 1024K, 32 young (32768K), 5 survivors (5120K)
 Metaspace       used 56996K, committed 57664K, reserved 1114112K
  class space    used 7652K, committed 7936K, reserved 1048576K
}
Event: 696.041 GC heap after
{Heap after GC invocations=12 (full 0):
 garbage-first heap   total 62464K, used 26193K [0x00000000a1c00000, 0x0000000100000000)
  region size 1024K, 1 young (1024K), 1 survivors (1024K)
 Metaspace       used 56996K, committed 57664K, reserved 1114112K
  class space    used 7652K, committed 7936K, reserved 1048576K
}
Event: 1665.169 GC heap before
{Heap before GC invocations=12 (full 0):
 garbage-first heap   total 62464K, used 54865K [0x00000000a1c00000, 0x0000000100000000)
  region size 1024K, 29 young (29696K), 1 survivors (1024K)
 Metaspace       used 57015K, committed 57728K, reserved 1114112K
  class space    used 7652K, committed 7936K, reserved 1048576K
}
Event: 1665.219 GC heap after
{Heap after GC invocations=13 (full 0):
 garbage-first heap   total 62464K, used 25917K [0x00000000a1c00000, 0x0000000100000000)
  region size 1024K, 1 young (1024K), 1 survivors (1024K)
 Metaspace       used 57015K, committed 57728K, reserved 1114112K
  class space    used 7652K, committed 7936K, reserved 1048576K
}
Event: 2672.161 GC heap before
{Heap before GC invocations=13 (full 0):
 garbage-first heap   total 62464K, used 55613K [0x00000000a1c00000, 0x0000000100000000)
  region size 1024K, 30 young (30720K), 1 survivors (1024K)
 Metaspace       used 57044K, committed 57728K, reserved 1114112K
  class space    used 7652K, committed 7936K, reserved 1048576K
}
Event: 2672.202 GC heap after
{Heap after GC invocations=14 (full 0):
 garbage-first heap   total 62464K, used 25851K [0x00000000a1c00000, 0x0000000100000000)
  region size 1024K, 1 young (1024K), 1 survivors (1024K)
 Metaspace       used 57044K, committed 57728K, reserved 1114112K
  class space    used 7652K, committed 7936K, reserved 1048576K
}
Event: 3720.822 GC heap before
{Heap before GC invocations=14 (full 0):
 garbage-first heap   total 62464K, used 56571K [0x00000000a1c00000, 0x0000000100000000)
  region size 1024K, 31 young (31744K), 1 survivors (1024K)
 Metaspace       used 57044K, committed 57728K, reserved 1114112K
  class space    used 7652K, committed 7936K, reserved 1048576K
}
Event: 3720.895 GC heap after
{Heap after GC invocations=15 (full 0):
 garbage-first heap   total 62464K, used 25836K [0x00000000a1c00000, 0x0000000100000000)
  region size 1024K, 1 young (1024K), 1 survivors (1024K)
 Metaspace       used 57044K, committed 57728K, reserved 1114112K
  class space    used 7652K, committed 7936K, reserved 1048576K
}
Event: 4756.252 GC heap before
{Heap before GC invocations=15 (full 0):
 garbage-first heap   total 62464K, used 56556K [0x00000000a1c00000, 0x0000000100000000)
  region size 1024K, 31 young (31744K), 1 survivors (1024K)
 Metaspace       used 57050K, committed 57728K, reserved 1114112K
  class space    used 7652K, committed 7936K, reserved 1048576K
}
Event: 4756.286 GC heap after
{Heap after GC invocations=16 (full 0):
 garbage-first heap   total 62464K, used 25815K [0x00000000a1c00000, 0x0000000100000000)
  region size 1024K, 1 young (1024K), 1 survivors (1024K)
 Metaspace       used 57050K, committed 57728K, reserved 1114112K
  class space    used 7652K, committed 7936K, reserved 1048576K
}
Event: 5794.686 GC heap before
{Heap before GC invocations=16 (full 0):
 garbage-first heap   total 62464K, used 56535K [0x00000000a1c00000, 0x0000000100000000)
  region size 1024K, 31 young (31744K), 1 survivors (1024K)
 Metaspace       used 57058K, committed 57728K, reserved 1114112K
  class space    used 7652K, committed 7936K, reserved 1048576K
}
Event: 5794.730 GC heap after
{Heap after GC invocations=17 (full 0):
 garbage-first heap   total 62464K, used 25825K [0x00000000a1c00000, 0x0000000100000000)
  region size 1024K, 1 young (1024K), 1 survivors (1024K)
 Metaspace       used 57058K, committed 57728K, reserved 1114112K
  class space    used 7652K, committed 7936K, reserved 1048576K
}
Event: 6824.065 GC heap before
{Heap before GC invocations=17 (full 0):
 garbage-first heap   total 62464K, used 56545K [0x00000000a1c00000, 0x0000000100000000)
  region size 1024K, 31 young (31744K), 1 survivors (1024K)
 Metaspace       used 57058K, committed 57728K, reserved 1114112K
  class space    used 7652K, committed 7936K, reserved 1048576K
}
Event: 6824.119 GC heap after
{Heap after GC invocations=18 (full 0):
 garbage-first heap   total 62464K, used 25826K [0x00000000a1c00000, 0x0000000100000000)
  region size 1024K, 1 young (1024K), 1 survivors (1024K)
 Metaspace       used 57058K, committed 57728K, reserved 1114112K
  class space    used 7652K, committed 7936K, reserved 1048576K
}
Event: 7869.252 GC heap before
{Heap before GC invocations=18 (full 0):
 garbage-first heap   total 62464K, used 56546K [0x00000000a1c00000, 0x0000000100000000)
  region size 1024K, 31 young (31744K), 1 survivors (1024K)
 Metaspace       used 57058K, committed 57728K, reserved 1114112K
  class space    used 7652K, committed 7936K, reserved 1048576K
}
Event: 7869.317 GC heap after
{Heap after GC invocations=19 (full 0):
 garbage-first heap   total 62464K, used 25814K [0x00000000a1c00000, 0x0000000100000000)
  region size 1024K, 1 young (1024K), 1 survivors (1024K)
 Metaspace       used 57058K, committed 57728K, reserved 1114112K
  class space    used 7652K, committed 7936K, reserved 1048576K
}
Event: 8916.931 GC heap before
{Heap before GC invocations=19 (full 0):
 garbage-first heap   total 62464K, used 56534K [0x00000000a1c00000, 0x0000000100000000)
  region size 1024K, 31 young (31744K), 1 survivors (1024K)
 Metaspace       used 57058K, committed 57728K, reserved 1114112K
  class space    used 7652K, committed 7936K, reserved 1048576K
}
Event: 8916.992 GC heap after
{Heap after GC invocations=20 (full 0):
 garbage-first heap   total 62464K, used 25842K [0x00000000a1c00000, 0x0000000100000000)
  region size 1024K, 1 young (1024K), 1 survivors (1024K)
 Metaspace       used 57058K, committed 57728K, reserved 1114112K
  class space    used 7652K, committed 7936K, reserved 1048576K
}
Event: 9358.353 GC heap before
{Heap before GC invocations=20 (full 0):
 garbage-first heap   total 62464K, used 46322K [0x00000000a1c00000, 0x0000000100000000)
  region size 1024K, 23 young (23552K), 1 survivors (1024K)
 Metaspace       used 59695K, committed 60416K, reserved 1114112K
  class space    used 8018K, committed 8384K, reserved 1048576K
}
Event: 9358.378 GC heap after
{Heap after GC invocations=21 (full 0):
 garbage-first heap   total 62464K, used 26411K [0x00000000a1c00000, 0x0000000100000000)
  region size 1024K, 2 young (2048K), 2 survivors (2048K)
 Metaspace       used 59695K, committed 60416K, reserved 1114112K
  class space    used 8018K, committed 8384K, reserved 1048576K
}

